<?xml version="1.0" encoding="UTF-8"?>
<!-- Generated by org.testng.reporters.JUnitReportReporter -->
<testsuite hostname="AT-14" name="raj.maven.repository" tests="1" failures="0" timestamp="22 Nov 2017 11:54:18 GMT" time="22.077" errors="0">
  <testcase name="test" time="22.077" classname="raj.maven.repository"/>
</testsuite> <!-- raj.maven.repository -->
