<?xml version="1.0" encoding="UTF-8"?>
<!-- Generated by org.testng.reporters.JUnitReportReporter -->
<testsuite hostname="AT-14" name="raj.maven.testexecution" tests="1" failures="0" timestamp="23 Nov 2017 08:41:55 GMT" time="14.799" errors="0">
  <testcase name="vtest" time="14.799" classname="raj.maven.testexecution"/>
</testsuite> <!-- raj.maven.testexecution -->
